#At time x process y state arr w total z remain y wait k
At time 1 process 1 started arr 1 total 6 remain 6 wait 0
At time 4 process 1 stopped arr 1 total 6 remain 3 wait 0
At time 4 process 2 started arr 1 total 1 remain 1 wait 3
At time 5 process 2 finished arr 1 total 1 remain 0 wait 3 TA 4 WTA 3.00 
At time 5 process 1 resumed arr 1 total 6 remain 3 wait 0
At time 8 process 1 finished arr 1 total 6 remain 0 wait 0 TA 7 WTA 0.00 
At time 15 process 3 started arr 15 total 11 remain 11 wait 0
At time 18 process 3 stopped arr 15 total 11 remain 8 wait 0
At time 18 process 4 started arr 15 total 2 remain 2 wait 3
At time 20 process 4 finished arr 15 total 2 remain 0 wait 3 TA 5 WTA 1.50 
At time 20 process 5 started arr 17 total 5 remain 5 wait 3
At time 23 process 5 stopped arr 17 total 5 remain 2 wait 3
At time 23 process 3 resumed arr 15 total 11 remain 8 wait 0
At time 26 process 3 stopped arr 15 total 11 remain 5 wait 0
At time 26 process 5 resumed arr 17 total 5 remain 2 wait 3
At time 28 process 5 finished arr 17 total 5 remain 0 wait 3 TA 11 WTA 0.60 
At time 28 process 6 started arr 24 total 7 remain 7 wait 4
At time 31 process 6 stopped arr 24 total 7 remain 4 wait 4
At time 31 process 3 resumed arr 15 total 11 remain 5 wait 0
At time 34 process 3 stopped arr 15 total 11 remain 2 wait 0
At time 34 process 7 started arr 31 total 7 remain 7 wait 3
At time 37 process 7 stopped arr 31 total 7 remain 4 wait 3
At time 37 process 6 resumed arr 24 total 7 remain 4 wait 4
At time 40 process 6 stopped arr 24 total 7 remain 1 wait 4
At time 40 process 3 resumed arr 15 total 11 remain 2 wait 0
At time 42 process 3 finished arr 15 total 11 remain 0 wait 0 TA 27 WTA 0.00 
At time 42 process 7 resumed arr 31 total 7 remain 4 wait 3
At time 45 process 7 stopped arr 31 total 7 remain 1 wait 3
At time 45 process 6 resumed arr 24 total 7 remain 1 wait 4
At time 46 process 6 finished arr 24 total 7 remain 0 wait 4 TA 22 WTA 0.57 
At time 46 process 7 resumed arr 31 total 7 remain 1 wait 3
At time 47 process 7 finished arr 31 total 7 remain 0 wait 3 TA 16 WTA 0.43 
